#
# An unexpected error has been detected by Java Runtime Environment:
#
#  EXCEPTION_ACCESS_VIOLATION (0xc0000005) at pc=0x6a5cf465, pid=2840, tid=2700
#
# Java VM: Java HotSpot(TM) Client VM (10.0-b22 mixed mode, sharing windows-x86)
# Problematic frame:
# C  [libvlccore.dll+0x8f465]
#
# If you would like to submit a bug report, please visit:
#   http://java.sun.com/webapps/bugreport/crash.jsp
# The crash happened outside the Java Virtual Machine in native code.
# See problematic frame for where to report the bug.
#

---------------  T H R E A D  ---------------

Current thread (0x03e09400):  JavaThread "AWT-EventQueue-0" [_thread_in_native, id=2700, stack(0x04320000,0x04370000)]

siginfo: ExceptionCode=0xc0000005, reading address 0x00000000

Registers:
EAX=0x00000001, EBX=0x0588fb60, ECX=0x00000000, EDX=0x00000008
ESP=0x0436e41c, EBP=0x0588fb40, ESI=0x00000000, EDI=0x0000000a
EIP=0x6a5cf465, EFLAGS=0x00010202

Top of Stack: (sp=0x0436e41c)
0x0436e41c:   00000002 00000000 00000048 6a5427a3
0x0436e42c:   0436e44c 755a9d45 005a0000 058cc968
0x0436e43c:   0000003f 00000000 00000001 05895418
0x0436e44c:   058d21c8 058cc968 005afc7c 6a5b8ff2
0x0436e45c:   005afe80 058d21c8 005afc7c 6a5bc23b
0x0436e46c:   005afe7c 05895418 05896848 755a98da
0x0436e47c:   738dd362 05895418 058d21c8 0588fb40
0x0436e48c:   0000000a 05895418 05891608 6a5d00c5 

Instructions: (pc=0x6a5cf465)
0x6a5cf455:   00 00 00 f7 d0 8d 5c 9d 00 8b 0b 01 f8 83 e0 07
0x6a5cf465:   80 39 2d 0f 84 53 04 00 00 42 3b 94 24 80 00 00 


Stack: [0x04320000,0x04370000],  sp=0x0436e41c,  free space=313k
Native frames: (J=compiled Java code, j=interpreted, Vv=VM code, C=native code)
C  [libvlccore.dll+0x8f465]

Java frames: (J=compiled Java code, j=interpreted, Vv=VM code)
v  ~BufferBlob::Interpreter
v  ~BufferBlob::Interpreter
v  ~BufferBlob::Interpreter
v  ~BufferBlob::Interpreter
v  ~BufferBlob::Interpreter
v  ~BufferBlob::Interpreter
v  ~BufferBlob::Interpreter
v  ~BufferBlob::Interpreter
v  ~BufferBlob::Interpreter
v  ~BufferBlob::Interpreter
v  ~BufferBlob::Interpreter
v  ~BufferBlob::Interpreter
v  ~BufferBlob::Interpreter
v  ~BufferBlob::Interpreter
v  ~BufferBlob::Interpreter
v  ~BufferBlob::Interpreter
v  ~BufferBlob::Interpreter
v  ~BufferBlob::Interpreter
v  ~BufferBlob::Interpreter
v  ~BufferBlob::Interpreter
v  ~BufferBlob::Interpreter
v  ~BufferBlob::Interpreter
v  ~BufferBlob::Interpreter
v  ~BufferBlob::Interpreter
v  ~BufferBlob::Interpreter
v  ~BufferBlob::Interpreter
v  ~BufferBlob::Interpreter
v  ~BufferBlob::Interpreter
v  ~BufferBlob::Interpreter
v  ~BufferBlob::Interpreter
v  ~BufferBlob::Interpreter
v  ~BufferBlob::Interpreter
v  ~BufferBlob::Interpreter
v  ~BufferBlob::Interpreter
v  ~BufferBlob::Interpreter
v  ~BufferBlob::Interpreter
v  ~BufferBlob::Interpreter
v  ~BufferBlob::Interpreter
v  ~BufferBlob::Interpreter
v  ~BufferBlob::Interpreter
v  ~BufferBlob::StubRoutines (1)

---------------  P R O C E S S  ---------------

Java Threads: ( => current thread )
  0x03e1bc00 JavaThread "Thread-4" [_thread_blocked, id=3916, stack(0x06260000,0x062b0000)]
  0x03faf000 JavaThread "Java Sound Event Dispatcher" daemon [_thread_blocked, id=332, stack(0x05f80000,0x05fd0000)]
  0x03e91c00 JavaThread "Laf-Widget fade tracker" daemon [_thread_blocked, id=388, stack(0x04dd0000,0x04e20000)]
  0x03e90c00 JavaThread "Image Fetcher 0" daemon [_thread_blocked, id=3708, stack(0x04d80000,0x04dd0000)]
  0x03e90800 JavaThread "TimerQueue" daemon [_thread_blocked, id=4004, stack(0x04760000,0x047b0000)]
  0x00e27000 JavaThread "DestroyJavaVM" [_thread_blocked, id=3268, stack(0x00160000,0x001b0000)]
=>0x03e09400 JavaThread "AWT-EventQueue-0" [_thread_in_native, id=2700, stack(0x04320000,0x04370000)]
  0x03e08c00 JavaThread "AWT-Windows" daemon [_thread_in_native, id=2704, stack(0x04170000,0x041c0000)]
  0x03e07400 JavaThread "AWT-Shutdown" [_thread_blocked, id=3128, stack(0x040f0000,0x04140000)]
  0x03e06c00 JavaThread "Java2D Disposer" daemon [_thread_blocked, id=1404, stack(0x040a0000,0x040f0000)]
  0x01a82800 JavaThread "Low Memory Detector" daemon [_thread_blocked, id=1652, stack(0x03d40000,0x03d90000)]
  0x01a74400 JavaThread "CompilerThread0" daemon [_thread_blocked, id=2760, stack(0x03cf0000,0x03d40000)]
  0x01a73c00 JavaThread "Attach Listener" daemon [_thread_blocked, id=2320, stack(0x03ca0000,0x03cf0000)]
  0x01a6b000 JavaThread "Signal Dispatcher" daemon [_thread_blocked, id=2520, stack(0x03c50000,0x03ca0000)]
  0x01a66000 JavaThread "Finalizer" daemon [_thread_blocked, id=292, stack(0x03c00000,0x03c50000)]
  0x01a61c00 JavaThread "Reference Handler" daemon [_thread_blocked, id=2024, stack(0x03bb0000,0x03c00000)]

Other Threads:
  0x01a60400 VMThread [stack: 0x03b60000,0x03bb0000] [id=3632]
  0x01a94c00 WatcherThread [stack: 0x03d90000,0x03de0000] [id=2448]

VM state:not at safepoint (normal execution)

VM Mutex/Monitor currently owned by a thread: None

Heap
 def new generation   total 960K, used 234K [0x23aa0000, 0x23ba0000, 0x23f80000)
  eden space 896K,  19% used [0x23aa0000, 0x23aca940, 0x23b80000)
  from space 64K, 100% used [0x23b90000, 0x23ba0000, 0x23ba0000)
  to   space 64K,   0% used [0x23b80000, 0x23b80000, 0x23b90000)
 tenured generation   total 12772K, used 11128K [0x23f80000, 0x24bf9000, 0x27aa0000)
   the space 12772K,  87% used [0x23f80000, 0x24a5e130, 0x24a5e200, 0x24bf9000)
 compacting perm gen  total 12288K, used 2992K [0x27aa0000, 0x286a0000, 0x2baa0000)
   the space 12288K,  24% used [0x27aa0000, 0x27d8c038, 0x27d8c200, 0x286a0000)
    ro space 8192K,  66% used [0x2baa0000, 0x2bff0e10, 0x2bff1000, 0x2c2a0000)
    rw space 12288K,  52% used [0x2c2a0000, 0x2c8f04c8, 0x2c8f0600, 0x2cea0000)

Dynamic libraries:
0x00400000 - 0x00423000 	C:\Program Files\Java\jdk1.6.0_06\bin\java.exe
0x76e50000 - 0x76f8c000 	C:\Windows\SYSTEM32\ntdll.dll
0x76fa0000 - 0x77074000 	C:\Windows\system32\kernel32.dll
0x75220000 - 0x7526a000 	C:\Windows\system32\KERNELBASE.dll
0x75c00000 - 0x75ca0000 	C:\Windows\system32\ADVAPI32.dll
0x755a0000 - 0x7564c000 	C:\Windows\system32\msvcrt.dll
0x75a70000 - 0x75a89000 	C:\Windows\SYSTEM32\sechost.dll
0x76da0000 - 0x76e41000 	C:\Windows\system32\RPCRT4.dll
0x7c340000 - 0x7c396000 	C:\Program Files\Java\jdk1.6.0_06\jre\bin\msvcr71.dll
0x6d870000 - 0x6dac0000 	C:\Program Files\Java\jdk1.6.0_06\jre\bin\client\jvm.dll
0x75650000 - 0x75719000 	C:\Windows\system32\USER32.dll
0x752a0000 - 0x752ee000 	C:\Windows\system32\GDI32.dll
0x76f90000 - 0x76f9a000 	C:\Windows\system32\LPK.dll
0x752f0000 - 0x7538d000 	C:\Windows\system32\USP10.dll
0x70000000 - 0x70032000 	C:\Windows\system32\WINMM.dll
0x75ab0000 - 0x75acf000 	C:\Windows\system32\IMM32.DLL
0x75ad0000 - 0x75b9c000 	C:\Windows\system32\MSCTF.dll
0x74ed0000 - 0x74f1b000 	C:\Windows\system32\apphelp.dll
0x6d320000 - 0x6d328000 	C:\Program Files\Java\jdk1.6.0_06\jre\bin\hpi.dll
0x75a90000 - 0x75a95000 	C:\Windows\system32\PSAPI.DLL
0x6d820000 - 0x6d82c000 	C:\Program Files\Java\jdk1.6.0_06\jre\bin\verify.dll
0x6d3c0000 - 0x6d3df000 	C:\Program Files\Java\jdk1.6.0_06\jre\bin\java.dll
0x6d860000 - 0x6d86f000 	C:\Program Files\Java\jdk1.6.0_06\jre\bin\zip.dll
0x6d0b0000 - 0x6d1de000 	C:\Program Files\Java\jdk1.6.0_06\jre\bin\awt.dll
0x6fd20000 - 0x6fd71000 	C:\Windows\system32\WINSPOOL.DRV
0x76b00000 - 0x76c5c000 	C:\Windows\system32\ole32.dll
0x73da0000 - 0x73de0000 	C:\Windows\system32\uxtheme.dll
0x73a80000 - 0x73a93000 	C:\Windows\system32\dwmapi.dll
0x74f20000 - 0x74f2c000 	C:\Windows\system32\CRYPTBASE.dll
0x75eb0000 - 0x76af9000 	C:\Windows\system32\shell32.dll
0x75ba0000 - 0x75bf7000 	C:\Windows\system32\SHLWAPI.dll
0x6d2c0000 - 0x6d313000 	C:\Program Files\Java\jdk1.6.0_06\jre\bin\fontmanager.dll
0x6d620000 - 0x6d633000 	C:\Program Files\Java\jdk1.6.0_06\jre\bin\net.dll
0x75560000 - 0x75595000 	C:\Windows\system32\WS2_32.dll
0x75770000 - 0x75776000 	C:\Windows\system32\NSI.dll
0x749e0000 - 0x74a1c000 	C:\Windows\system32\mswsock.dll
0x749d0000 - 0x749d6000 	C:\Windows\System32\wship6.dll
0x6d640000 - 0x6d649000 	C:\Program Files\Java\jdk1.6.0_06\jre\bin\nio.dll
0x6d230000 - 0x6d253000 	C:\Program Files\Java\jdk1.6.0_06\jre\bin\dcpr.dll
0x759e0000 - 0x75a63000 	C:\Windows\system32\CLBCatQ.DLL
0x75da0000 - 0x75e2f000 	C:\Windows\system32\OLEAUT32.dll
0x6d530000 - 0x6d554000 	C:\Program Files\Java\jdk1.6.0_06\jre\bin\jsound.dll
0x6d560000 - 0x6d568000 	C:\Program Files\Java\jdk1.6.0_06\jre\bin\jsoundds.dll
0x05a10000 - 0x05a82000 	C:\Windows\system32\DSOUND.dll
0x73760000 - 0x73785000 	C:\Windows\system32\POWRPROF.dll
0x75390000 - 0x7552d000 	C:\Windows\system32\SETUPAPI.dll
0x75020000 - 0x75047000 	C:\Windows\system32\CFGMGR32.dll
0x75170000 - 0x75182000 	C:\Windows\system32\DEVOBJ.dll
0x73aa0000 - 0x73ad9000 	C:\Windows\system32\MMDevAPI.DLL
0x73de0000 - 0x73ed5000 	C:\Windows\system32\PROPSYS.dll
0x6ffd0000 - 0x70000000 	C:\Windows\system32\wdmaud.drv
0x6ffc0000 - 0x6ffc4000 	C:\Windows\system32\ksuser.dll
0x73730000 - 0x73737000 	C:\Windows\system32\AVRT.dll
0x6ff80000 - 0x6ffb6000 	C:\Windows\system32\AUDIOSES.DLL
0x6ff70000 - 0x6ff78000 	C:\Windows\system32\msacm32.drv
0x6ff40000 - 0x6ff54000 	C:\Windows\system32\MSACM32.dll
0x6ff30000 - 0x6ff37000 	C:\Windows\system32\midimap.dll
0x10000000 - 0x10054000 	C:\Users\Rodrigo\AppData\Local\Temp\jna31611.dll
0x6a300000 - 0x6a321000 	C:\Users\Rodrigo\Documents\NetBeansProjects\LightSound\libvlc.dll
0x6a540000 - 0x6a748000 	C:\Users\Rodrigo\Documents\NetBeansProjects\LightSound\libvlccore.dll

VM Arguments:
java_command: gui.MainFrame
Launcher Type: SUN_STANDARD

Environment Variables:
CLASSPATH=G:\LINGO11\Lingo11_0.jar
PATH=C:\Windows\system32;C:\Windows;C:\Windows\System32\Wbem;C:\Windows\System32\WindowsPowerShell\v1.0\;C:\Program Files\Common Files\Adobe\AGL;G:\LINGO11\
USERNAME=Rodrigo
OS=Windows_NT
PROCESSOR_IDENTIFIER=x86 Family 6 Model 15 Stepping 13, GenuineIntel



---------------  S Y S T E M  ---------------

OS: Windows NT 6.1 Build 7600 

CPU:total 2 (2 cores per cpu, 1 threads per core) family 6 model 15 stepping 13, cmov, cx8, fxsr, mmx, sse, sse2, sse3, ssse3

Memory: 4k page, physical 1833136k(964944k free), swap 3666272k(2539012k free)

vm_info: Java HotSpot(TM) Client VM (10.0-b22) for windows-x86 JRE (1.6.0_06-b02), built on Mar 25 2008 01:22:05 by "java_re" with MS VC++ 7.1

time: Thu Jan 21 14:17:51 2010
elapsed time: 4 seconds

